     1                                          ORG		0x7c00			; 指明程序装载地址
     2 00007C00                                 
     3 00007C00                                 	
     4 00007C00                                 
     5 00007C00                                 ; 程序主体
     6 00007C00                                 
     7 00007C00                                 entry:
     8 00007C00                                 
     9 00007C00 BE 7C18                         		MOV		SI,msg
    10 00007C03                                 putloop:
    11 00007C03 8A 04                           		MOV		AL,[SI]
    12 00007C05 83 C6 01                        		ADD		SI,1			; 给SI加1
    13 00007C08 3C 00                           		CMP		AL,0
    14 00007C0A 74 09                           		JE		fin
    15 00007C0C B4 0E                           		MOV		AH,0x0e			; 显示一个文字
    16 00007C0E BB 000F                         		MOV		BX,15			; 指定字符颜色
    17 00007C11 CD 10                           		INT		0x10			; 调用显卡BIOS
    18 00007C13 EB EE                           		JMP		putloop
    19 00007C15                                 fin:
    20 00007C15 F4                              		HLT						; 让CPU停止，等待指令
    21 00007C16 EB FD                           		JMP		fin				; 无限循环
    22 00007C18                                 
    23 00007C18                                 msg:
    24 00007C18 0A 0A                           		DB		0x0a, 0x0a		; 换行两次
    25 00007C1A 68 65 6C 6C 6F 2C 20 77 6F 72   		DB		"hello, world！"
       00007C24 6C 64 EF BC 81 
    26 00007C29 0A                              		DB		0x0a			; 换行
    27 00007C2A 00                              		DB		0               ; 字符串结束标志
    28 00007C2B                                 
    29 00007C2B 00 00 00 00 00 00 00 00 00 00   		RESB	0x7dfe-$		; 填写0x00直到0x001fe
       00007C35 00 00 00 00 00 00 00 00 00 00 
       00007C3F 00 00 00 00 00 00 00 00 00 00 
       00007C49 00 00 00 00 00 00 00 00 00 00 
       00007C53 00 00 00 00 00 00 00 00 00 00 
       00007C5D 00 00 00 00 00 00 00 00 00 00 
       00007C67 00 00 00 00 00 00 00 00 00 00 
       00007C71 00 00 00 00 00 00 00 00 00 00 
       00007C7B 00 00 00 00 00 00 00 00 00 00 
       00007C85 00 00 00 00 00 00 00 00 00 00 
       00007C8F 00 00 00 00 00 00 00 00 00 00 
       00007C99 00 00 00 00 00 00 00 00 00 00 
       00007CA3 00 00 00 00 00 00 00 00 00 00 
       00007CAD 00 00 00 00 00 00 00 00 00 00 
       00007CB7 00 00 00 00 00 00 00 00 00 00 
       00007CC1 00 00 00 00 00 00 00 00 00 00 
       00007CCB 00 00 00 00 00 00 00 00 00 00 
       00007CD5 00 00 00 00 00 00 00 00 00 00 
       00007CDF 00 00 00 00 00 00 00 00 00 00 
       00007CE9 00 00 00 00 00 00 00 00 00 00 
       00007CF3 00 00 00 00 00 00 00 00 00 00 
       00007CFD 00 00 00 00 00 00 00 00 00 00 
       00007D07 00 00 00 00 00 00 00 00 00 00 
       00007D11 00 00 00 00 00 00 00 00 00 00 
       00007D1B 00 00 00 00 00 00 00 00 00 00 
       00007D25 00 00 00 00 00 00 00 00 00 00 
       00007D2F 00 00 00 00 00 00 00 00 00 00 
       00007D39 00 00 00 00 00 00 00 00 00 00 
       00007D43 00 00 00 00 00 00 00 00 00 00 
       00007D4D 00 00 00 00 00 00 00 00 00 00 
       00007D57 00 00 00 00 00 00 00 00 00 00 
       00007D61 00 00 00 00 00 00 00 00 00 00 
       00007D6B 00 00 00 00 00 00 00 00 00 00 
       00007D75 00 00 00 00 00 00 00 00 00 00 
       00007D7F 00 00 00 00 00 00 00 00 00 00 
       00007D89 00 00 00 00 00 00 00 00 00 00 
       00007D93 00 00 00 00 00 00 00 00 00 00 
       00007D9D 00 00 00 00 00 00 00 00 00 00 
       00007DA7 00 00 00 00 00 00 00 00 00 00 
       00007DB1 00 00 00 00 00 00 00 00 00 00 
       00007DBB 00 00 00 00 00 00 00 00 00 00 
       00007DC5 00 00 00 00 00 00 00 00 00 00 
       00007DCF 00 00 00 00 00 00 00 00 00 00 
       00007DD9 00 00 00 00 00 00 00 00 00 00 
       00007DE3 00 00 00 00 00 00 00 00 00 00 
       00007DED 00 00 00 00 00 00 00 00 00 00 
       00007DF7 00 00 00 00 00 00 00 
    30 00007DFE                                 
    31 00007DFE 55 AA                           		DB		0x55, 0xaa
